<?xml version="1.0" encoding="UTF-8"?>
<!-- Generated by org.testng.reporters.JUnitReportReporter -->
<testsuite hostname="amaresh" failures="0" tests="1" name="com.Test.MakemyTripCalendarTest" time="15.565" errors="0" timestamp="2023-08-14T22:37:38 IST" skipped="0">
  <testcase classname="com.Test.MakemyTripCalendarTest" name="calendarTest" time="15.565"/>
  <system-out/>
</testsuite> <!-- com.Test.MakemyTripCalendarTest -->
